<?xml version="1.0" encoding="UTF-8"?>
<testsuite xmlns:xsi="http://www.w3.org/2001/XMLSchema-instance" xsi:noNamespaceSchemaLocation="https://maven.apache.org/surefire/maven-surefire-plugin/xsd/surefire-test-report.xsd" name="edu.usfca.cs.PlaylistTest" time="0.048" tests="5" errors="0" skipped="0" failures="0">
  <properties>
[...]
</properties>
  <testcase name="merge" classname="edu.usfca.cs.PlaylistTest" time="0.013"/>
  <testcase name="randomList" classname="edu.usfca.cs.PlaylistTest" time="0.009"/>
  <testcase name="shuffleList" classname="edu.usfca.cs.PlaylistTest" time="0.013"/>
  <testcase name="sortList" classname="edu.usfca.cs.PlaylistTest" time="0.012"/>
  <testcase name="deleteSong" classname="edu.usfca.cs.PlaylistTest" time="0"/>
</testsuite>